[17:19:56] Stress config: NODES=5 MESSAGES=500 TOPIC=gossip-stress-11240
[17:19:56] Proof dir: proofs/stress-20260421-v0183-fanout-fix
[17:19:56] Launching daemon 1 on port 12701
[17:19:56] Launching daemon 2 on port 12702
[17:19:56] Launching daemon 3 on port 12703
[17:19:56] Launching daemon 4 on port 12704
[17:19:56] Launching daemon 5 on port 12705
[17:19:56] Waiting 15s for daemons to bind + discover each other...
[17:20:11] Subscriptions installed; snapshotting pre-publish gossip stats
[17:20:11] Publishing 500 messages from node 1 to topic gossip-stress-11240 (delay 20ms)
[17:20:51] Published 500 msgs in 40s (12 msgs/s)
[17:20:51] Sleeping 5s for delivery to drain...
[17:20:56] node-1: publish=539 delivered=686 drops=0
[17:20:56] node-2: publish=39 delivered=686 drops=0
[17:20:56] node-3: publish=39 delivered=686 drops=0
[17:20:56] node-4: publish=39 delivered=686 drops=0
[17:20:56] node-5: publish=39 delivered=686 drops=0
[17:20:56] Stress report → proofs/stress-20260421-v0183-fanout-fix/stress-report.json
[17:20:56] Subscriber acceptance threshold: 500 (MIN_DELIVERY_RATIO=1.0)
[17:20:56] Cleaning up daemons...
