[17:21:10] Stress config: NODES=5 MESSAGES=500 TOPIC=gossip-stress-14558
[17:21:10] Proof dir: proofs/stress-20260421-v0183-burst
[17:21:10] Launching daemon 1 on port 12701
[17:21:10] Launching daemon 2 on port 12702
[17:21:10] Launching daemon 3 on port 12703
[17:21:10] Launching daemon 4 on port 12704
[17:21:10] Launching daemon 5 on port 12705
[17:21:10] Waiting 10s for daemons to bind + discover each other...
[17:21:20] Subscriptions installed; snapshotting pre-publish gossip stats
[17:21:20] Publishing 500 messages from node 1 to topic gossip-stress-14558 (delay 0ms)
[17:21:37] Published 500 msgs in 17s (29 msgs/s)
[17:21:37] Sleeping 5s for delivery to drain...
[17:21:42] node-1: publish=534 delivered=661 drops=0
[17:21:42] node-2: publish=34 delivered=661 drops=0
[17:21:42] node-3: publish=34 delivered=661 drops=0
[17:21:42] node-4: publish=34 delivered=661 drops=0
[17:21:42] node-5: publish=34 delivered=661 drops=0
[17:21:42] Stress report → proofs/stress-20260421-v0183-burst/stress-report.json
[17:21:42] Subscriber acceptance threshold: 495 (MIN_DELIVERY_RATIO=0.99)
[17:21:42] Cleaning up daemons...
