[18:01:44] Config: NODES=5 MESSAGES=500 FILE_SIZE_KIB=16384 USE_HARD_CODED_BOOTSTRAP=0 TOPIC=measure-17671 PROOF_DIR=proofs/full-20260423-190144
[18:01:44] Logging: TEST_RUST_LOG=info,x0x::connect=debug,x0x::discovery=debug,ant_quic::nat_traversal_api=info,ant_quic::masque=info
[18:01:44] Launching daemon 1 on API port 12801
[18:01:44] Launching daemon 2 on API port 12802
[18:01:44] Launching daemon 3 on API port 12803
[18:01:44] Launching daemon 4 on API port 12804
[18:01:44] Launching daemon 5 on API port 12805
[18:01:44] Waiting 20s for daemons to bind + discover each other...
[18:02:04] Snapshot: pre
[18:02:04] Installing subscriptions on every node...
[18:02:04] Publishing 500 pub/sub messages from node 1 (no delay)
[18:02:27] Published 500 msgs in 23s
[18:02:32] Snapshot: mid
[18:02:32] DM round-trip from node-1 → node-2 with require_ack_ms=2000
[18:02:32] DM send: ok=ok rtt_ms=-1
[18:02:32] Probing every pair's peer liveness (ant-quic probe_peer)...
[18:02:34] Probe matrix → proofs/full-20260423-190144/probe-matrix.json
[18:02:34] File transfer: 16777216 bytes (node-1 → node-2)
[18:02:35] File transfer offer sent (id=0a130347-36f6-40f2-8878-d5cefd34f8b1) in 831644us
[18:03:41] File transfer did not complete within 60s
[18:03:46] Snapshot: post
[18:03:46] Measurement report → proofs/full-20260423-190144/measure-report.json
[18:03:46] PASSED=True  FAILURES=0
[18:03:46] Cleaning up daemons...
