Cleaning non-x0x cruft from bootstrap fleet (DRY_RUN=0)
Timestamp: 2026-04-28T09:04:59Z

=== saorsa-2 (142.93.199.50) ===
  --- pre-cleanup state ---
  /opt size=3.5G  /usr/local/bin entries=5
  systemctl stop+disable nginx
Synchronizing state of nginx.service with SysV service script with /usr/lib/systemd/systemd-sysv-install.
Executing: /usr/lib/systemd/systemd-sysv-install disable nginx
Removed "/etc/systemd/system/multi-user.target.wants/nginx.service".
  systemctl mask nginx
Created symlink /etc/systemd/system/nginx.service → /dev/null.
  apt-get purge -y nginx nginx-common
  rm -rf /opt/ant-quic  (17M)
  rm -rf /opt/ant-quic-test  (35M)
  rm -rf /opt/communitas-src  (1.8G)
  rm -rf /opt/saorsa  (982M)
  rm -rf /opt/saorsa-gossip  (678M)
  rm -rf /opt/saorsa-test  (12K)
  rm /usr/local/bin/ant-quic
  rm /usr/local/bin/ant-quic-test
  rm /usr/local/bin/saorsa-quic-test
  rm /usr/local/bin/test-agent
  rm /usr/local/bin/x0x-bootstrap
  remove orphaned systemd unit /etc/systemd/system/saorsa-quic-test.service
  remove orphaned systemd unit /etc/systemd/system/ant-quic-test.service
  clean /var/crash (5.3M)
  journald disk usage before vacuum: system.
  journald after vacuum: system.
  --- post-cleanup state ---
  /opt size=3.5G -> 44M
  /usr/local/bin: 5 -> 0 entries
  non-loopback non-ssh listeners: 8
  saorsa-quic-tes still running: 0
  x0xd: enabled=enabled active=active

=== saorsa-3 (147.182.234.192) ===
  --- pre-cleanup state ---
  /opt size=105M  /usr/local/bin entries=5
  systemctl stop+disable nginx
Synchronizing state of nginx.service with SysV service script with /usr/lib/systemd/systemd-sysv-install.
Executing: /usr/lib/systemd/systemd-sysv-install disable nginx
Removed "/etc/systemd/system/multi-user.target.wants/nginx.service".
  systemctl mask nginx
Created symlink /etc/systemd/system/nginx.service → /dev/null.
  apt-get purge -y nginx nginx-common
  (warning: DEBIAN_FRONTEND=noninteractive apt-get purge -y  nginx nginx-common >/dev/null 2>&1 failed, continuing)
  (warning: DEBIAN_FRONTEND=noninteractive apt-get autoremove -y >/dev/null 2>&1 failed, continuing)
  rm -rf /opt/ant-quic  (17M)
  rm -rf /opt/ant-quic-test  (35M)
  rm -rf /opt/saorsa-gossip  (11M)
  rm -rf /opt/saorsa-test  (12K)
  rm /usr/local/bin/ant-quic
  rm /usr/local/bin/ant-quic-test
  rm /usr/local/bin/saorsa-quic-test
  rm /usr/local/bin/test-agent
  rm /usr/local/bin/x0x-bootstrap
  remove orphaned systemd unit /etc/systemd/system/saorsa-quic-test.service
  remove orphaned systemd unit /etc/systemd/system/ant-quic-test.service
  clean /var/crash (4.3M)
  journald disk usage before vacuum: system.
  journald after vacuum: system.
  --- post-cleanup state ---
  /opt size=105M -> 44M
  /usr/local/bin: 5 -> 0 entries
  non-loopback non-ssh listeners: 7
  saorsa-quic-tes still running: 0
  x0xd: enabled=enabled active=active

=== saorsa-6 (65.21.157.229) ===
  --- pre-cleanup state ---
  /opt size=109M  /usr/local/bin entries=5
  systemctl stop+disable nginx
Synchronizing state of nginx.service with SysV service script with /usr/lib/systemd/systemd-sysv-install.
Executing: /usr/lib/systemd/systemd-sysv-install disable nginx
Removed "/etc/systemd/system/multi-user.target.wants/nginx.service".
  systemctl stop+disable docker
Stopping 'docker.service', but its triggering units are still active:
docker.socket
Synchronizing state of docker.service with SysV service script with /usr/lib/systemd/systemd-sysv-install.
Executing: /usr/lib/systemd/systemd-sysv-install disable docker
Removed "/etc/systemd/system/multi-user.target.wants/docker.service".
Disabling 'docker.service', but its triggering units are still active:
docker.socket
  systemctl stop+disable containerd
Removed "/etc/systemd/system/multi-user.target.wants/containerd.service".
  systemctl mask nginx
Created symlink /etc/systemd/system/nginx.service → /dev/null.
  systemctl mask docker
Created symlink /etc/systemd/system/docker.service → /dev/null.
Masking 'docker.service', but its triggering units are still active:
docker.socket
  systemctl mask containerd
Created symlink /etc/systemd/system/containerd.service → /dev/null.
  apt-get purge -y nginx nginx-common docker-ce containerd.io
  rm -rf /opt/ant-quic  (17M)
  rm -rf /opt/ant-quic-test  (35M)
  rm -rf /opt/communitas-src  (4.0K)
  rm -rf /opt/saorsa-test  (12K)
  rm -rf /opt/nat-emulation  (188K)
  rm -rf /opt/containerd  (12K)
  rm /usr/local/bin/ant-quic
  rm /usr/local/bin/ant-quic-test
  rm /usr/local/bin/saorsa-quic-test
  rm /usr/local/bin/test-agent
  rm /usr/local/bin/x0x-bootstrap
  remove orphaned systemd unit /etc/systemd/system/saorsa-quic-test.service
  remove orphaned systemd unit /etc/systemd/system/ant-quic-test.service
  clean /var/crash (6.1M)
  journald disk usage before vacuum: system.
  journald after vacuum: system.
  --- post-cleanup state ---
  /opt size=109M -> 58M
  /usr/local/bin: 5 -> 0 entries
  non-loopback non-ssh listeners: 5
  saorsa-quic-tes still running: 0
  x0xd: enabled=enabled active=active

=== saorsa-7 (116.203.101.172) ===
  --- pre-cleanup state ---
  /opt size=112M  /usr/local/bin entries=5
  killing orphaned saorsa-quic-tes processes: 915333 915345 915357 915369 915381 915393 915441 915453 915465 915489 915501 915513 915525 915536 915549 915561 915573 915584 915609 915621 916653 916665 916677 916689 916701 916713 916725 916737 916749 916761 916773 916784 916797 916809 916821 916833 916845 916856 916869 916881 916893 916904 916917 916929 916941
  rm -rf /opt/ant-quic  (17M)
  rm -rf /opt/ant-quic-test  (35M)
  rm -rf /opt/saorsa-test  (12K)
  rm /usr/local/bin/ant-quic
  rm /usr/local/bin/ant-quic-test
  rm /usr/local/bin/saorsa-quic-test
  rm /usr/local/bin/test-agent
  rm /usr/local/bin/x0x-bootstrap
  remove orphaned systemd unit /etc/systemd/system/saorsa-quic-test.service
  remove orphaned systemd unit /etc/systemd/system/ant-quic-test.service
  clean /var/crash (4.5M)
  journald disk usage before vacuum: system.
  journald after vacuum: system.
  --- post-cleanup state ---
  /opt size=112M -> 61M
  /usr/local/bin: 5 -> 0 entries
  non-loopback non-ssh listeners: 6
  saorsa-quic-tes still running: 0
  x0xd: enabled=enabled active=active

=== saorsa-8 (152.42.210.67) ===
  --- pre-cleanup state ---
  /opt size=222M  /usr/local/bin entries=0
  journald disk usage before vacuum: system.
  journald after vacuum: system.
  --- post-cleanup state ---
  /opt size=222M -> 222M
  /usr/local/bin: 0 -> 0 entries
  non-loopback non-ssh listeners: 4
  saorsa-quic-tes still running: 0
  x0xd: enabled=enabled active=active

=== saorsa-9 (170.64.176.102) ===
  --- pre-cleanup state ---
  /opt size=56M  /usr/local/bin entries=0
  journald disk usage before vacuum: system.
  journald after vacuum: system.
  --- post-cleanup state ---
  /opt size=56M -> 56M
  /usr/local/bin: 0 -> 0 entries
  non-loopback non-ssh listeners: 5
  saorsa-quic-tes still running: 0
  x0xd: enabled=enabled active=active


Done. Proof: proofs/cleanup-non-x0x-20260428T090459Z
