Hardening bootstrap fleet (DRY_RUN=0)
Timestamp: 2026-04-28T08:08:35Z

=== saorsa-2 (142.93.199.50) ===
  systemctl enable x0xd  (was: disabled
unknown)
Created symlink /etc/systemd/system/multi-user.target.wants/x0xd.service → /etc/systemd/system/x0xd.service.
  remove 3 leaked /opt/x0x/.x0x-upgrade-* dirs
  rm /etc/x0x/bootstrap.toml  (legacy)
  rm /etc/x0x/bootstrap.toml.bak  (legacy)
  rm /etc/x0x/x0xd-test.toml  (legacy)
  rm /opt/x0x/x0x  (7.2M)
  rm /opt/x0x/x0xd-dhat-old  (166M)
  rm /opt/x0x/x0xd.backup  (29M)
  rm /opt/x0x/x0xd.bak  (20M)
  rm /opt/x0x/config.toml (empty leftover)
  --- post-harden state ---
  enabled=enabled active=active upgrade_leak=0 /opt/x0x_size=29M

=== saorsa-3 (147.182.234.192) ===
  systemctl enable x0xd  (was: disabled
unknown)
Created symlink /etc/systemd/system/multi-user.target.wants/x0xd.service → /etc/systemd/system/x0xd.service.
  remove 216 leaked /opt/x0x/.x0x-upgrade-* dirs
  rm /etc/x0x/bootstrap.toml  (legacy)
  rm /etc/x0x/bootstrap.toml.bak  (legacy)
  rm /etc/x0x/x0xd-test.toml  (legacy)
  rm /opt/x0x/x0x  (7.2M)
  rm /opt/x0x/x0xd.backup  (29M)
  rm /opt/x0x/x0xd.bak  (20M)
  rm /opt/x0x/config.toml (empty leftover)
  --- post-harden state ---
  enabled=enabled active=active upgrade_leak=0 /opt/x0x_size=29M

=== saorsa-6 (65.21.157.229) ===
  systemctl enable x0xd  (was: disabled
unknown)
Created symlink /etc/systemd/system/multi-user.target.wants/x0xd.service → /etc/systemd/system/x0xd.service.
  remove 5 leaked /opt/x0x/.x0x-upgrade-* dirs
  rm /etc/x0x/bootstrap.toml  (legacy)
  rm /etc/x0x/bootstrap.toml.bak  (legacy)
  rm /opt/x0x/x0x  (7.2M)
  rm /opt/x0x/x0xd.backup  (29M)
  rm /opt/x0x/x0xd.bak  (20M)
  rm /opt/x0x/config.toml (empty leftover)
  --- post-harden state ---
  enabled=enabled active=active upgrade_leak=0 /opt/x0x_size=58M

=== saorsa-7 (116.203.101.172) ===
  systemctl enable x0xd  (was: disabled
unknown)
Created symlink /etc/systemd/system/multi-user.target.wants/x0xd.service → /etc/systemd/system/x0xd.service.
  remove 38 leaked /opt/x0x/.x0x-upgrade-* dirs
  rm /etc/x0x/bootstrap.toml  (legacy)
  rm /etc/x0x/bootstrap.toml.bak  (legacy)
  rm /opt/x0x/x0x  (7.2M)
  rm /opt/x0x/x0xd.backup  (29M)
  rm /opt/x0x/x0xd.bak  (20M)
  rm /opt/x0x/config.toml (empty leftover)
  --- post-harden state ---
  enabled=enabled active=active upgrade_leak=0 /opt/x0x_size=61M

=== saorsa-8 (152.42.210.67) ===
  systemctl enable x0xd  (was: disabled
unknown)
Created symlink /etc/systemd/system/multi-user.target.wants/x0xd.service → /etc/systemd/system/x0xd.service.
  remove 1 leaked /opt/x0x/.x0x-upgrade-* dirs
  rm /opt/x0x/x0xd.backup  (29M)
  rm /opt/x0x/x0xd.bak  (29M)
  --- post-harden state ---
  enabled=enabled active=active upgrade_leak=0 /opt/x0x_size=195M

=== saorsa-9 (170.64.176.102) ===
  systemctl enable x0xd  (was: disabled
unknown)
Created symlink /etc/systemd/system/multi-user.target.wants/x0xd.service → /etc/systemd/system/x0xd.service.
  rm /opt/x0x/x0xd.backup  (29M)
  --- post-harden state ---
  enabled=enabled active=active upgrade_leak=0 /opt/x0x_size=29M


Done. Proof: proofs/harden-bootstrap-20260428T080835Z
